[debug] [2026-02-02T00:52:00.116Z] ----------------------------------------------------------------------
[debug] [2026-02-02T00:52:00.119Z] Command:       C:\Program Files\nodejs\node.exe C:\Users\yassin weblayer\AppData\Roaming\npm\node_modules\firebase-tools\lib\bin\firebase.js init
[debug] [2026-02-02T00:52:00.120Z] CLI Version:   15.5.1
[debug] [2026-02-02T00:52:00.120Z] Platform:      win32
[debug] [2026-02-02T00:52:00.120Z] Node Version:  v22.13.1
[debug] [2026-02-02T00:52:00.121Z] Time:          Mon Feb 02 2026 01:52:00 GMT+0100 (UTC+01:00)
[debug] [2026-02-02T00:52:00.121Z] ----------------------------------------------------------------------
[debug] 
[info] 
     ######## #### ########  ######## ########     ###     ######  ########
     ##        ##  ##     ## ##       ##     ##  ##   ##  ##       ##
     ######    ##  ########  ######   ########  #########  ######  ######
     ##        ##  ##    ##  ##       ##     ## ##     ##       ## ##
     ##       #### ##     ## ######## ########  ##     ##  ######  ########

You're about to initialize a Firebase project in this directory:

  C:\Users\yassin weblayer\Desktop\vista-project-main (1)\vista-project-main

[debug] [2026-02-02T00:52:31.928Z] ExitPromptError: User force closed the prompt with SIGINT
    at Interface.sigint (C:\Users\yassin weblayer\AppData\Roaming\npm\node_modules\firebase-tools\node_modules\@inquirer\core\dist\commonjs\lib\create-prompt.js:101:37)
    at Interface.emit (node:events:524:28)
    at [_ttyWrite] [as _ttyWrite] (node:internal/readline/interface:1124:18)
    at ReadStream.onkeypress (node:internal/readline/interface:263:20)
    at ReadStream.emit (node:events:536:35)
    at emitKeys (node:internal/readline/utils:370:14)
    at emitKeys.next (<anonymous>)
    at ReadStream.onData (node:internal/readline/emitKeypressEvents:64:36)
    at ReadStream.emit (node:events:524:28)
    at addChunk (node:internal/streams/readable:561:12)
[error] 
[error] Error: An unexpected error has occurred.
